<?xml version="1.0" encoding="UTF-8"?>
<!-- Generated by org.testng.reporters.JUnitXMLReporter -->
<testsuite ignored="0" hostname="DESKTOP-3GQU54J" failures="0" tests="5" name="Button" time="14.036" errors="0" timestamp="2024-08-11T11:54:17 IST">
  <testcase classname="TestingTest_Script.Button_TestScript" name="ClickClosedbtn" time="0.29"/>
  <testcase classname="TestingTest_Script.Button_TestScript" name="ClickPracticebtn" time="3.745"/>
  <testcase classname="TestingTest_Script.Button_TestScript" name="ClickElementbtn" time="0.279"/>
  <testcase classname="TestingTest_Script.Button_TestScript" name="ClickOnButton" time="0.523"/>
  <testcase classname="TestingTest_Script.Button_TestScript" name="Buttons" time="0.857"/>
</testsuite> <!-- Button -->
