<?xml version="1.0" encoding="UTF-8"?>
<!-- Generated by org.testng.reporters.JUnitXMLReporter -->
<testsuite ignored="0" hostname="DESKTOP-3GQU54J" failures="0" tests="7" name="CheckBox_Test" time="17.142" errors="0" timestamp="2024-08-17T13:11:20 IST">
  <testcase classname="TestingTest_Script.CheckBox_Test" name="ClickonClosed" time="0.263"/>
  <testcase classname="TestingTest_Script.CheckBox_Test" name="ClickonPractice" time="2.224"/>
  <testcase classname="TestingTest_Script.CheckBox_Test" name="ClickonElements" time="0.212"/>
  <testcase classname="TestingTest_Script.CheckBox_Test" name="ClickonCheckbox" time="0.32"/>
  <testcase classname="TestingTest_Script.CheckBox_Test" name="getdetails" time="0.004"/>
  <testcase classname="TestingTest_Script.CheckBox_Test" name="readexceldata" time="2.962"/>
  <testcase classname="TestingTest_Script.CheckBox_Test" name="getVerify" time="0.96"/>
</testsuite> <!-- CheckBox_Test -->
