<?xml version="1.0" encoding="UTF-8"?>
<!-- Generated by org.testng.reporters.JUnitXMLReporter -->
<testsuite ignored="0" hostname="DESKTOP-3GQU54J" failures="0" tests="12" name="Link_TestScript" time="15.475" errors="0" timestamp="2024-08-17T19:05:39 IST">
  <testcase classname="TestingTest_Script.Link_TestScript" name="closedbtn" time="0.282"/>
  <testcase classname="TestingTest_Script.Link_TestScript" name="practicebtn" time="4.113"/>
  <testcase classname="TestingTest_Script.Link_TestScript" name="elementsbtn" time="0.175"/>
  <testcase classname="TestingTest_Script.Link_TestScript" name="Linksbtn" time="0.264"/>
  <testcase classname="TestingTest_Script.Link_TestScript" name="ClickDemoPage" time="1.001"/>
  <testcase classname="TestingTest_Script.Link_TestScript" name="ClickOnCreatedbtn" time="0.271"/>
  <testcase classname="TestingTest_Script.Link_TestScript" name="ClickOnNoContent" time="0.186"/>
  <testcase classname="TestingTest_Script.Link_TestScript" name="ClickOnMovedbtn" time="0.184"/>
  <testcase classname="TestingTest_Script.Link_TestScript" name="ClickOnBadrequest" time="0.168"/>
  <testcase classname="TestingTest_Script.Link_TestScript" name="ClickOnUnauthorizedbtn" time="0.193"/>
  <testcase classname="TestingTest_Script.Link_TestScript" name="ClickOnNoForbiddenbtn" time="0.208"/>
  <testcase classname="TestingTest_Script.Link_TestScript" name="ClickOnNotFoundbtn" time="0.184"/>
</testsuite> <!-- Link_TestScript -->
