<?xml version="1.0" encoding="UTF-8"?>
<!-- Generated by org.testng.reporters.JUnitXMLReporter -->
<testsuite ignored="0" hostname="DESKTOP-3GQU54J" failures="0" tests="7" name="Testbox_TestScript" time="19.583" errors="0" timestamp="2024-08-17T12:52:27 IST">
  <testcase classname="TestingTest_Script.Testbox_TestScript" name="closedbtn" time="0.229"/>
  <testcase classname="TestingTest_Script.Testbox_TestScript" name="practicebtn" time="2.914"/>
  <testcase classname="TestingTest_Script.Testbox_TestScript" name="elementsbtn" time="0.255"/>
  <testcase classname="TestingTest_Script.Testbox_TestScript" name="textboxbtn" time="0.37"/>
  <testcase classname="TestingTest_Script.Testbox_TestScript" name="getfilldetails" time="3.733"/>
  <testcase classname="TestingTest_Script.Testbox_TestScript" name="getUIDetails" time="0.241"/>
  <testcase classname="TestingTest_Script.Testbox_TestScript" name="getValidation" time="0.792"/>
</testsuite> <!-- Testbox_TestScript -->
