<?xml version="1.0" encoding="UTF-8"?>
<!-- Generated by org.testng.reporters.JUnitXMLReporter -->
<testsuite ignored="0" hostname="DESKTOP-3GQU54J" failures="0" tests="7" name="Textbox" time="15.859" errors="0" timestamp="2024-08-11T11:54:03 IST">
  <testcase classname="TestingTest_Script.Testbox_TestScript" name="closedbtn" time="0.324"/>
  <testcase classname="TestingTest_Script.Testbox_TestScript" name="practicebtn" time="2.823"/>
  <testcase classname="TestingTest_Script.Testbox_TestScript" name="elementsbtn" time="0.303"/>
  <testcase classname="TestingTest_Script.Testbox_TestScript" name="textboxbtn" time="0.419"/>
  <testcase classname="TestingTest_Script.Testbox_TestScript" name="getfilldetails" time="4.217"/>
  <testcase classname="TestingTest_Script.Testbox_TestScript" name="getUIDetails" time="0.206"/>
  <testcase classname="TestingTest_Script.Testbox_TestScript" name="getValidation" time="0.539"/>
</testsuite> <!-- Textbox -->
