<?xml version="1.0" encoding="UTF-8"?>
<!-- Generated by org.testng.reporters.JUnitXMLReporter -->
<testsuite ignored="0" hostname="DESKTOP-3GQU54J" failures="0" tests="7" name="Default test" time="23.949" errors="0" timestamp="2024-08-17T19:09:53 IST">
  <testcase classname="TestingTest_Script.WebTable_TestScript" name="Clickonclosed" time="0.263"/>
  <testcase classname="TestingTest_Script.WebTable_TestScript" name="ClickonPractice" time="2.154"/>
  <testcase classname="TestingTest_Script.WebTable_TestScript" name="Clickonelement" time="0.165"/>
  <testcase classname="TestingTest_Script.WebTable_TestScript" name="ClickonWebtable" time="0.315"/>
  <testcase classname="TestingTest_Script.WebTable_TestScript" name="ClickongetDetails" time="10.397"/>
  <testcase classname="TestingTest_Script.WebTable_TestScript" name="ClickOngetUIData" time="1.034"/>
  <testcase classname="TestingTest_Script.WebTable_TestScript" name="validationUIdata" time="0.004"/>
</testsuite> <!-- Default test -->
