<?xml version="1.0" encoding="UTF-8"?>
<!-- Generated by org.testng.reporters.JUnitXMLReporter -->
<testsuite ignored="0" hostname="DESKTOP-3GQU54J" failures="1" tests="1" name="Test" time="0.098" errors="0" timestamp="2024-07-11T15:12:43 IST">
  <testcase classname="Data_Provider.Test_dataProvider" name="Test_AddNumber" time="0.03">
    <failure type="java.lang.ClassCastException" message="class [I cannot be cast to class [Ljava.lang.Object; ([I and [Ljava.lang.Object; are in module java.base of loader &amp;apos;bootstrap&amp;apos;)">
      <![CDATA[java.lang.ClassCastException: class [I cannot be cast to class [Ljava.lang.Object; ([I and [Ljava.lang.Object; are in module java.base of loader 'bootstrap')
at java.base/java.util.ArrayList.forEach(ArrayList.java:1511)
... Removed 26 stack frames]]>
    </failure>
  </testcase> <!-- Test_AddNumber -->
</testsuite> <!-- Test -->
