<?xml version="1.0" encoding="UTF-8"?>
<testng-results ignored="0" total="7" passed="7" failed="0" skipped="0">
  <reporter-output>
  </reporter-output>
  <suite started-at="2024-08-17T19:09:29 IST" name="Default suite" finished-at="2024-08-17T19:09:53 IST" duration-ms="23949">
    <groups>
    </groups>
    <test started-at="2024-08-17T19:09:29 IST" name="Default test" finished-at="2024-08-17T19:09:53 IST" duration-ms="23949">
      <class name="TestingTest_Script.WebTable_TestScript">
        <test-method is-config="true" signature="LaunchBrowser()[pri:0, instance:TestingTest_Script.WebTable_TestScript@3e11f9e9]" started-at="2024-08-17T19:09:29 IST" name="LaunchBrowser" finished-at="2024-08-17T19:09:38 IST" duration-ms="9424" status="PASS">
          <reporter-output>
          </reporter-output>
        </test-method> <!-- LaunchBrowser -->
        <test-method signature="Clickonclosed()[pri:0, instance:TestingTest_Script.WebTable_TestScript@3e11f9e9]" started-at="2024-08-17T19:09:39 IST" name="Clickonclosed" finished-at="2024-08-17T19:09:39 IST" duration-ms="263" status="PASS">
          <reporter-output>
          </reporter-output>
        </test-method> <!-- Clickonclosed -->
        <test-method signature="ClickonPractice()[pri:1, instance:TestingTest_Script.WebTable_TestScript@3e11f9e9]" started-at="2024-08-17T19:09:39 IST" name="ClickonPractice" finished-at="2024-08-17T19:09:41 IST" duration-ms="2154" status="PASS">
          <reporter-output>
          </reporter-output>
        </test-method> <!-- ClickonPractice -->
        <test-method signature="Clickonelement()[pri:2, instance:TestingTest_Script.WebTable_TestScript@3e11f9e9]" started-at="2024-08-17T19:09:41 IST" name="Clickonelement" finished-at="2024-08-17T19:09:41 IST" duration-ms="165" status="PASS">
          <reporter-output>
          </reporter-output>
        </test-method> <!-- Clickonelement -->
        <test-method signature="ClickonWebtable()[pri:3, instance:TestingTest_Script.WebTable_TestScript@3e11f9e9]" started-at="2024-08-17T19:09:41 IST" name="ClickonWebtable" finished-at="2024-08-17T19:09:41 IST" duration-ms="315" status="PASS">
          <reporter-output>
          </reporter-output>
        </test-method> <!-- ClickonWebtable -->
        <test-method signature="ClickongetDetails()[pri:4, instance:TestingTest_Script.WebTable_TestScript@3e11f9e9]" started-at="2024-08-17T19:09:41 IST" name="ClickongetDetails" finished-at="2024-08-17T19:09:52 IST" duration-ms="10397" status="PASS">
          <reporter-output>
          </reporter-output>
        </test-method> <!-- ClickongetDetails -->
        <test-method signature="ClickOngetUIData()[pri:5, instance:TestingTest_Script.WebTable_TestScript@3e11f9e9]" started-at="2024-08-17T19:09:52 IST" name="ClickOngetUIData" finished-at="2024-08-17T19:09:53 IST" duration-ms="1034" status="PASS">
          <reporter-output>
          </reporter-output>
        </test-method> <!-- ClickOngetUIData -->
        <test-method signature="validationUIdata()[pri:6, instance:TestingTest_Script.WebTable_TestScript@3e11f9e9]" started-at="2024-08-17T19:09:53 IST" name="validationUIdata" finished-at="2024-08-17T19:09:53 IST" duration-ms="4" status="PASS">
          <reporter-output>
          </reporter-output>
        </test-method> <!-- validationUIdata -->
      </class> <!-- TestingTest_Script.WebTable_TestScript -->
    </test> <!-- Default test -->
  </suite> <!-- Default suite -->
</testng-results>
